c:\users\hunte\source\repos\external csgo\external csgo\release\vc143.pdb
c:\users\hunte\source\repos\external csgo\external csgo\release\imgui_widgets.obj
c:\users\hunte\source\repos\external csgo\external csgo\release\imgui_tables.obj
c:\users\hunte\source\repos\external csgo\external csgo\release\imgui_impl_win32.obj
c:\users\hunte\source\repos\external csgo\external csgo\release\imgui_impl_dx11.obj
c:\users\hunte\source\repos\external csgo\external csgo\release\imgui_draw.obj
c:\users\hunte\source\repos\external csgo\external csgo\release\imgui_demo.obj
c:\users\hunte\source\repos\external csgo\external csgo\release\imgui.obj
c:\users\hunte\source\repos\external csgo\external csgo\release\csgo.obj
c:\users\hunte\source\repos\external csgo\release\external csgo.ipdb
c:\users\hunte\source\repos\external csgo\release\external csgo.iobj
c:\users\hunte\source\repos\external csgo\release\external csgo.exe
c:\users\hunte\source\repos\external csgo\external csgo\release\external csgo.ipdb
c:\users\hunte\source\repos\external csgo\external csgo\release\external csgo.iobj
c:\users\hunte\source\repos\external csgo\release\external csgo.pdb
c:\users\hunte\source\repos\external csgo\external csgo\release\external csgo.tlog\cl.command.1.tlog
c:\users\hunte\source\repos\external csgo\external csgo\release\external csgo.tlog\cl.read.1.tlog
c:\users\hunte\source\repos\external csgo\external csgo\release\external csgo.tlog\cl.write.1.tlog
c:\users\hunte\source\repos\external csgo\external csgo\release\external csgo.tlog\link.command.1.tlog
c:\users\hunte\source\repos\external csgo\external csgo\release\external csgo.tlog\link.read.1.tlog
c:\users\hunte\source\repos\external csgo\external csgo\release\external csgo.tlog\link.write.1.tlog
c:\users\hunte\source\repos\external csgo\external csgo\release\external csgo.tlog\link.write.2u.tlog
